<?xml version="1.0" encoding="UTF-8"?>
<!-- Generated by org.testng.reporters.JUnitXMLReporter -->
<testsuite ignored="0" hostname="DESKTOP-4IA6LTP" failures="0" tests="19" name="Test" time="0.353" errors="0" timestamp="2026-03-26T07:20:50 IST">
  <testcase classname="com.utils.BaseTest" name="@BeforeClass setUp" time="0.024">
    <failure type="java.io.IOException" message="config.properties not found in src/test/resources/. Make sure the file exists and the folder is marked as a Test Resources root.">
      <![CDATA[java.io.IOException: config.properties not found in src/test/resources/. Make sure the file exists and the folder is marked as a Test Resources root.
at com.utils.BaseTest.loadConfig(BaseTest.java:83)
at com.utils.BaseTest.setUp(BaseTest.java:29)
at java.base/java.util.ArrayList.forEach(ArrayList.java:1596)
... Removed 23 stack frames]]>
    </failure>
  </testcase> <!-- @BeforeClass setUp -->
  <testcase classname="com.Test.LoginTest" name="@BeforeMethod initPage" time="0.0">
    <skipped/>
  </testcase> <!-- @BeforeMethod initPage -->
  <testcase classname="com.Test.LoginTest" name="@BeforeMethod initPage" time="0.0">
    <skipped/>
  </testcase> <!-- @BeforeMethod initPage -->
  <testcase classname="com.Test.LoginTest" name="@BeforeMethod initPage" time="0.0">
    <skipped/>
  </testcase> <!-- @BeforeMethod initPage -->
  <testcase classname="com.Test.LoginTest" name="@BeforeMethod initPage" time="0.0">
    <skipped/>
  </testcase> <!-- @BeforeMethod initPage -->
  <testcase classname="com.Test.LoginTest" name="@BeforeMethod initPage" time="0.0">
    <skipped/>
  </testcase> <!-- @BeforeMethod initPage -->
  <testcase classname="com.utils.BaseTest" name="@AfterClass tearDown" time="0.0">
    <skipped/>
  </testcase> <!-- @AfterClass tearDown -->
  <testcase classname="com.Test.CategoryTest" name="@BeforeClass setUp" time="0.001">
    <failure type="java.io.IOException" message="config.properties not found in src/test/resources/. Make sure the file exists and the folder is marked as a Test Resources root.">
      <![CDATA[java.io.IOException: config.properties not found in src/test/resources/. Make sure the file exists and the folder is marked as a Test Resources root.
at com.utils.BaseTest.loadConfig(BaseTest.java:83)
at com.utils.BaseTest.setUp(BaseTest.java:29)
at com.Test.CategoryTest.setUp(CategoryTest.java:19)
at java.base/java.util.ArrayList.forEach(ArrayList.java:1596)
... Removed 23 stack frames]]>
    </failure>
  </testcase> <!-- @BeforeClass setUp -->
  <testcase classname="com.utils.BaseTest" name="@AfterClass tearDown" time="0.0">
    <skipped/>
  </testcase> <!-- @AfterClass tearDown -->
  <testcase classname="com.Test.LoginTest" name="testValidLogin" time="0.0">
    <skipped/>
  </testcase> <!-- testValidLogin -->
  <testcase classname="com.Test.LoginTest" name="testInvalidPassword" time="0.0">
    <skipped/>
  </testcase> <!-- testInvalidPassword -->
  <testcase classname="com.Test.LoginTest" name="testEmptyEmail" time="0.0">
    <skipped/>
  </testcase> <!-- testEmptyEmail -->
  <testcase classname="com.Test.LoginTest" name="testEmptyPassword" time="0.0">
    <skipped/>
  </testcase> <!-- testEmptyPassword -->
  <testcase classname="com.Test.LoginTest" name="testLogout" time="0.0">
    <skipped/>
  </testcase> <!-- testLogout -->
  <testcase classname="com.Test.CategoryTest" name="testBooksCategory" time="0.0">
    <skipped/>
  </testcase> <!-- testBooksCategory -->
  <testcase classname="com.Test.CategoryTest" name="testComputersCategory" time="0.001">
    <skipped/>
  </testcase> <!-- testComputersCategory -->
  <testcase classname="com.Test.CategoryTest" name="testDesktopsSubCategory" time="0.0">
    <skipped/>
  </testcase> <!-- testDesktopsSubCategory -->
  <testcase classname="com.Test.CategoryTest" name="testNotebooksSubCategory" time="0.0">
    <skipped/>
  </testcase> <!-- testNotebooksSubCategory -->
  <testcase classname="com.Test.CategoryTest" name="testAccessoriesSubCategory" time="0.0">
    <skipped/>
  </testcase> <!-- testAccessoriesSubCategory -->
  <testcase classname="com.Test.CategoryTest" name="testElectronicsCategory" time="0.0">
    <skipped/>
  </testcase> <!-- testElectronicsCategory -->
  <testcase classname="com.Test.CategoryTest" name="testCameraPhotoSubCategory" time="0.001">
    <skipped/>
  </testcase> <!-- testCameraPhotoSubCategory -->
  <testcase classname="com.Test.CategoryTest" name="testCellPhonesSubCategory" time="0.0">
    <skipped/>
  </testcase> <!-- testCellPhonesSubCategory -->
  <testcase classname="com.Test.CategoryTest" name="testApparelShoesCategory" time="0.0">
    <skipped/>
  </testcase> <!-- testApparelShoesCategory -->
  <testcase classname="com.Test.CategoryTest" name="testDigitalDownloadsCategory" time="0.0">
    <skipped/>
  </testcase> <!-- testDigitalDownloadsCategory -->
  <testcase classname="com.Test.CategoryTest" name="testJewelryCategory" time="0.0">
    <skipped/>
  </testcase> <!-- testJewelryCategory -->
  <testcase classname="com.Test.CategoryTest" name="testGiftCardsCategory" time="0.0">
    <skipped/>
  </testcase> <!-- testGiftCardsCategory -->
  <testcase classname="com.Test.CategoryTest" name="testBreadcrumbOnBooksPage" time="0.0">
    <skipped/>
  </testcase> <!-- testBreadcrumbOnBooksPage -->
  <testcase classname="com.Test.CategoryTest" name="testPriceFilterOnBooksPage" time="0.0">
    <skipped/>
  </testcase> <!-- testPriceFilterOnBooksPage -->
</testsuite> <!-- Test -->
