<?xml version="1.0" encoding="UTF-8"?>
<testng-results ignored="0" total="1" passed="1" failed="0" skipped="0">
  <reporter-output>
  </reporter-output>
  <suite started-at="2026-03-25T16:06:56 IST" name="Default suite" finished-at="2026-03-25T16:07:05 IST" duration-ms="9039">
    <groups>
    </groups>
    <test started-at="2026-03-25T16:06:56 IST" name="Default test" finished-at="2026-03-25T16:07:05 IST" duration-ms="9039">
      <class name="com.Test.myAccountTest">
        <test-method is-config="true" signature="setup()[pri:0, instance:com.Test.myAccountTest@3cd3e762]" started-at="2026-03-25T16:06:56 IST" name="setup" finished-at="2026-03-25T16:07:02 IST" duration-ms="5702" status="PASS">
          <reporter-output>
          </reporter-output>
        </test-method> <!-- setup -->
        <test-method signature="testViewUserDetails()[pri:0, instance:com.Test.myAccountTest@3cd3e762]" started-at="2026-03-25T16:07:02 IST" name="testViewUserDetails" finished-at="2026-03-25T16:07:05 IST" duration-ms="2940" status="PASS">
          <reporter-output>
          </reporter-output>
        </test-method> <!-- testViewUserDetails -->
        <test-method is-config="true" signature="tearDown()[pri:0, instance:com.Test.myAccountTest@3cd3e762]" started-at="2026-03-25T16:07:05 IST" name="tearDown" finished-at="2026-03-25T16:07:05 IST" duration-ms="297" status="PASS">
          <reporter-output>
          </reporter-output>
        </test-method> <!-- tearDown -->
      </class> <!-- com.Test.myAccountTest -->
    </test> <!-- Default test -->
  </suite> <!-- Default suite -->
</testng-results>
