<?xml version="1.0" encoding="UTF-8"?>
<!-- Generated by org.testng.reporters.JUnitReportReporter -->
<testsuite hostname="DESKTOP-4IA6LTP" failures="0" tests="6" name="com.Test.LoginTest" time="0.024" errors="1" timestamp="2026-03-26T07:20:51 IST" skipped="5">
  <testcase classname="com.Test.LoginTest" name="setUp" time="0.024">
    <error message="config.properties not found in src/test/resources/. Make sure the file exists and the folder is marked as a Test Resources root." type="java.io.IOException">
      <![CDATA[java.io.IOException: config.properties not found in src/test/resources/. Make sure the file exists and the folder is marked as a Test Resources root.
at com.utils.BaseTest.loadConfig(BaseTest.java:83)
at com.utils.BaseTest.setUp(BaseTest.java:29)
at java.base/jdk.internal.reflect.DirectMethodHandleAccessor.invoke(DirectMethodHandleAccessor.java:103)
at java.base/java.lang.reflect.Method.invoke(Method.java:580)
at org.testng.internal.invokers.MethodInvocationHelper.invokeMethod(MethodInvocationHelper.java:141)
at org.testng.internal.invokers.MethodInvocationHelper.invokeMethodConsideringTimeout(MethodInvocationHelper.java:71)
at org.testng.internal.invokers.ConfigInvoker.invokeConfigurationMethod(ConfigInvoker.java:400)
at org.testng.internal.invokers.ConfigInvoker.invokeConfigurations(ConfigInvoker.java:333)
at org.testng.internal.invokers.TestMethodWorker.invokeBeforeClassMethods(TestMethodWorker.java:188)
at org.testng.internal.invokers.TestMethodWorker.run(TestMethodWorker.java:128)
at java.base/java.util.ArrayList.forEach(ArrayList.java:1596)
at org.testng.TestRunner.privateRun(TestRunner.java:744)
at org.testng.TestRunner.run(TestRunner.java:616)
at org.testng.SuiteRunner.runTest(SuiteRunner.java:421)
at org.testng.SuiteRunner.runSequentially(SuiteRunner.java:413)
at org.testng.SuiteRunner.privateRun(SuiteRunner.java:373)
at org.testng.SuiteRunner.run(SuiteRunner.java:312)
at org.testng.SuiteRunnerWorker.runSuite(SuiteRunnerWorker.java:52)
at org.testng.SuiteRunnerWorker.run(SuiteRunnerWorker.java:95)
at org.testng.TestNG.runSuitesSequentially(TestNG.java:1274)
at org.testng.TestNG.runSuitesLocally(TestNG.java:1208)
at org.testng.TestNG.runSuites(TestNG.java:1112)
at org.testng.TestNG.run(TestNG.java:1079)
at org.testng.remote.AbstractRemoteTestNG.run(AbstractRemoteTestNG.java:115)
at org.testng.remote.RemoteTestNG.initAndRun(RemoteTestNG.java:293)
at org.testng.remote.RemoteTestNG.main(RemoteTestNG.java:91)
]]>
    </error>
  </testcase> <!-- setUp -->
  <testcase classname="com.Test.LoginTest" name="testValidLogin" time="0.000">
    <skipped/>
  </testcase> <!-- testValidLogin -->
  <testcase classname="com.Test.LoginTest" name="testInvalidPassword" time="0.000">
    <skipped/>
  </testcase> <!-- testInvalidPassword -->
  <testcase classname="com.Test.LoginTest" name="testEmptyEmail" time="0.000">
    <skipped/>
  </testcase> <!-- testEmptyEmail -->
  <testcase classname="com.Test.LoginTest" name="testEmptyPassword" time="0.000">
    <skipped/>
  </testcase> <!-- testEmptyPassword -->
  <testcase classname="com.Test.LoginTest" name="testLogout" time="0.000">
    <skipped/>
  </testcase> <!-- testLogout -->
</testsuite> <!-- com.Test.LoginTest -->
