<?xml version="1.0" encoding="UTF-8"?>
<!-- Generated by org.testng.reporters.JUnitXMLReporter -->
<testsuite ignored="0" hostname="DESKTOP-4IA6LTP" failures="0" tests="19" name="Default test" time="0.299" errors="0" timestamp="2026-03-26T07:14:20 IST">
  <testcase classname="com.Test.CategoryTest" name="@BeforeClass setUp" time="0.015">
    <failure type="java.io.IOException" message="config.properties not found in src/test/resources/. Make sure the file exists and the folder is marked as a Test Resources root.">
      <![CDATA[java.io.IOException: config.properties not found in src/test/resources/. Make sure the file exists and the folder is marked as a Test Resources root.
at com.utils.BaseTest.loadConfig(BaseTest.java:83)
at com.utils.BaseTest.setUp(BaseTest.java:28)
at com.Test.CategoryTest.setUp(CategoryTest.java:19)
at java.base/jdk.internal.reflect.DirectMethodHandleAccessor.invoke(DirectMethodHandleAccessor.java:103)
at java.base/java.lang.reflect.Method.invoke(Method.java:580)
at org.testng.internal.invokers.MethodInvocationHelper.invokeMethod(MethodInvocationHelper.java:141)
at org.testng.internal.invokers.MethodInvocationHelper.invokeMethodConsideringTimeout(MethodInvocationHelper.java:71)
at org.testng.internal.invokers.ConfigInvoker.invokeConfigurationMethod(ConfigInvoker.java:400)
at org.testng.internal.invokers.ConfigInvoker.invokeConfigurations(ConfigInvoker.java:333)
at org.testng.internal.invokers.TestMethodWorker.invokeBeforeClassMethods(TestMethodWorker.java:188)
at org.testng.internal.invokers.TestMethodWorker.run(TestMethodWorker.java:128)
at java.base/java.util.ArrayList.forEach(ArrayList.java:1596)
at org.testng.TestRunner.privateRun(TestRunner.java:744)
at org.testng.TestRunner.run(TestRunner.java:616)
at org.testng.SuiteRunner.runTest(SuiteRunner.java:421)
at org.testng.SuiteRunner.runSequentially(SuiteRunner.java:413)
at org.testng.SuiteRunner.privateRun(SuiteRunner.java:373)
at org.testng.SuiteRunner.run(SuiteRunner.java:312)
at org.testng.SuiteRunnerWorker.runSuite(SuiteRunnerWorker.java:52)
at org.testng.SuiteRunnerWorker.run(SuiteRunnerWorker.java:95)
at org.testng.TestNG.runSuitesSequentially(TestNG.java:1274)
at org.testng.TestNG.runSuitesLocally(TestNG.java:1208)
at org.testng.TestNG.runSuites(TestNG.java:1112)
at org.testng.TestNG.run(TestNG.java:1079)
at org.testng.remote.AbstractRemoteTestNG.run(AbstractRemoteTestNG.java:115)
at org.testng.remote.RemoteTestNG.initAndRun(RemoteTestNG.java:293)
at org.testng.remote.RemoteTestNG.main(RemoteTestNG.java:91)
]]>
    </failure>
  </testcase> <!-- @BeforeClass setUp -->
  <testcase classname="com.utils.BaseTest" name="@AfterClass tearDown" time="0.0">
    <skipped/>
  </testcase> <!-- @AfterClass tearDown -->
  <testcase classname="com.utils.BaseTest" name="@BeforeClass setUp" time="0.002">
    <failure type="java.io.IOException" message="config.properties not found in src/test/resources/. Make sure the file exists and the folder is marked as a Test Resources root.">
      <![CDATA[java.io.IOException: config.properties not found in src/test/resources/. Make sure the file exists and the folder is marked as a Test Resources root.
at com.utils.BaseTest.loadConfig(BaseTest.java:83)
at com.utils.BaseTest.setUp(BaseTest.java:28)
at java.base/jdk.internal.reflect.DirectMethodHandleAccessor.invoke(DirectMethodHandleAccessor.java:103)
at java.base/java.lang.reflect.Method.invoke(Method.java:580)
at org.testng.internal.invokers.MethodInvocationHelper.invokeMethod(MethodInvocationHelper.java:141)
at org.testng.internal.invokers.MethodInvocationHelper.invokeMethodConsideringTimeout(MethodInvocationHelper.java:71)
at org.testng.internal.invokers.ConfigInvoker.invokeConfigurationMethod(ConfigInvoker.java:400)
at org.testng.internal.invokers.ConfigInvoker.invokeConfigurations(ConfigInvoker.java:333)
at org.testng.internal.invokers.TestMethodWorker.invokeBeforeClassMethods(TestMethodWorker.java:188)
at org.testng.internal.invokers.TestMethodWorker.run(TestMethodWorker.java:128)
at java.base/java.util.ArrayList.forEach(ArrayList.java:1596)
at org.testng.TestRunner.privateRun(TestRunner.java:744)
at org.testng.TestRunner.run(TestRunner.java:616)
at org.testng.SuiteRunner.runTest(SuiteRunner.java:421)
at org.testng.SuiteRunner.runSequentially(SuiteRunner.java:413)
at org.testng.SuiteRunner.privateRun(SuiteRunner.java:373)
at org.testng.SuiteRunner.run(SuiteRunner.java:312)
at org.testng.SuiteRunnerWorker.runSuite(SuiteRunnerWorker.java:52)
at org.testng.SuiteRunnerWorker.run(SuiteRunnerWorker.java:95)
at org.testng.TestNG.runSuitesSequentially(TestNG.java:1274)
at org.testng.TestNG.runSuitesLocally(TestNG.java:1208)
at org.testng.TestNG.runSuites(TestNG.java:1112)
at org.testng.TestNG.run(TestNG.java:1079)
at org.testng.remote.AbstractRemoteTestNG.run(AbstractRemoteTestNG.java:115)
at org.testng.remote.RemoteTestNG.initAndRun(RemoteTestNG.java:293)
at org.testng.remote.RemoteTestNG.main(RemoteTestNG.java:91)
]]>
    </failure>
  </testcase> <!-- @BeforeClass setUp -->
  <testcase classname="com.Test.LoginTest" name="@BeforeMethod initPage" time="0.0">
    <skipped/>
  </testcase> <!-- @BeforeMethod initPage -->
  <testcase classname="com.Test.LoginTest" name="@BeforeMethod initPage" time="0.0">
    <skipped/>
  </testcase> <!-- @BeforeMethod initPage -->
  <testcase classname="com.Test.LoginTest" name="@BeforeMethod initPage" time="0.0">
    <skipped/>
  </testcase> <!-- @BeforeMethod initPage -->
  <testcase classname="com.Test.LoginTest" name="@BeforeMethod initPage" time="0.0">
    <skipped/>
  </testcase> <!-- @BeforeMethod initPage -->
  <testcase classname="com.Test.LoginTest" name="@BeforeMethod initPage" time="0.0">
    <skipped/>
  </testcase> <!-- @BeforeMethod initPage -->
  <testcase classname="com.utils.BaseTest" name="@AfterClass tearDown" time="0.0">
    <skipped/>
  </testcase> <!-- @AfterClass tearDown -->
  <testcase classname="com.Test.CategoryTest" name="testBooksCategory" time="0.001">
    <skipped/>
  </testcase> <!-- testBooksCategory -->
  <testcase classname="com.Test.CategoryTest" name="testComputersCategory" time="0.0">
    <skipped/>
  </testcase> <!-- testComputersCategory -->
  <testcase classname="com.Test.CategoryTest" name="testDesktopsSubCategory" time="0.0">
    <skipped/>
  </testcase> <!-- testDesktopsSubCategory -->
  <testcase classname="com.Test.CategoryTest" name="testNotebooksSubCategory" time="0.0">
    <skipped/>
  </testcase> <!-- testNotebooksSubCategory -->
  <testcase classname="com.Test.CategoryTest" name="testAccessoriesSubCategory" time="0.0">
    <skipped/>
  </testcase> <!-- testAccessoriesSubCategory -->
  <testcase classname="com.Test.CategoryTest" name="testElectronicsCategory" time="0.0">
    <skipped/>
  </testcase> <!-- testElectronicsCategory -->
  <testcase classname="com.Test.CategoryTest" name="testCameraPhotoSubCategory" time="0.0">
    <skipped/>
  </testcase> <!-- testCameraPhotoSubCategory -->
  <testcase classname="com.Test.CategoryTest" name="testCellPhonesSubCategory" time="0.0">
    <skipped/>
  </testcase> <!-- testCellPhonesSubCategory -->
  <testcase classname="com.Test.CategoryTest" name="testApparelShoesCategory" time="0.0">
    <skipped/>
  </testcase> <!-- testApparelShoesCategory -->
  <testcase classname="com.Test.CategoryTest" name="testDigitalDownloadsCategory" time="0.0">
    <skipped/>
  </testcase> <!-- testDigitalDownloadsCategory -->
  <testcase classname="com.Test.CategoryTest" name="testJewelryCategory" time="0.0">
    <skipped/>
  </testcase> <!-- testJewelryCategory -->
  <testcase classname="com.Test.CategoryTest" name="testGiftCardsCategory" time="0.0">
    <skipped/>
  </testcase> <!-- testGiftCardsCategory -->
  <testcase classname="com.Test.CategoryTest" name="testBreadcrumbOnBooksPage" time="0.0">
    <skipped/>
  </testcase> <!-- testBreadcrumbOnBooksPage -->
  <testcase classname="com.Test.CategoryTest" name="testPriceFilterOnBooksPage" time="0.0">
    <skipped/>
  </testcase> <!-- testPriceFilterOnBooksPage -->
  <testcase classname="com.Test.LoginTest" name="testValidLogin" time="0.001">
    <skipped/>
  </testcase> <!-- testValidLogin -->
  <testcase classname="com.Test.LoginTest" name="testInvalidPassword" time="0.0">
    <skipped/>
  </testcase> <!-- testInvalidPassword -->
  <testcase classname="com.Test.LoginTest" name="testEmptyEmail" time="0.0">
    <skipped/>
  </testcase> <!-- testEmptyEmail -->
  <testcase classname="com.Test.LoginTest" name="testEmptyPassword" time="0.0">
    <skipped/>
  </testcase> <!-- testEmptyPassword -->
  <testcase classname="com.Test.LoginTest" name="testLogout" time="0.0">
    <skipped/>
  </testcase> <!-- testLogout -->
</testsuite> <!-- Default test -->
